{
  "RSpec": {
    "coverage": {
      "/home/icristianosql/Desktop/Repos/Ruby/Raro/raro_bank/spec/models/user_spec.rb": {
        "lines": [
          1,
          null,
          1,
          4,
          null,
          1,
          2,
          2,
          2,
          null,
          null,
          null
        ]
      },
      "/home/icristianosql/Desktop/Repos/Ruby/Raro/raro_bank/spec/rails_helper.rb": {
        "lines": [
          null,
          null,
          null,
          1,
          1,
          1,
          null,
          1,
          1,
          null,
          null,
          null,
          null,
          null,
          null,
          null,
          null,
          null,
          null,
          null,
          null,
          null,
          null,
          null,
          2,
          null,
          null,
          null,
          null,
          1,
          null,
          0,
          null,
          1,
          null,
          1,
          null,
          null,
          null,
          null,
          1,
          null,
          null,
          null,
          null,
          null,
          null,
          null,
          null,
          null,
          null,
          null,
          null,
          null,
          null,
          null,
          null,
          null,
          1,
          null,
          null,
          1,
          null,
          null,
          null,
          null,
          1,
          1,
          1,
          1,
          null,
          null
        ]
      },
      "/home/icristianosql/Desktop/Repos/Ruby/Raro/raro_bank/config/environment.rb": {
        "lines": [
          null,
          null,
          null,
          1,
          null,
          null,
          1
        ]
      },
      "/home/icristianosql/Desktop/Repos/Ruby/Raro/raro_bank/config/application.rb": {
        "lines": [
          null,
          null,
          1,
          null,
          1,
          null,
          null,
          null,
          1,
          null,
          1,
          1,
          null,
          1,
          null,
          null,
          null,
          null,
          null,
          null,
          null,
          null,
          null,
          null
        ]
      },
      "/home/icristianosql/Desktop/Repos/Ruby/Raro/raro_bank/config/boot.rb": {
        "lines": [
          null,
          null,
          1,
          null,
          1,
          1
        ]
      },
      "/home/icristianosql/Desktop/Repos/Ruby/Raro/raro_bank/config/environments/test.rb": {
        "lines": [
          null,
          null,
          1,
          null,
          null,
          null,
          null,
          null,
          null,
          1,
          null,
          null,
          null,
          1,
          null,
          null,
          null,
          null,
          1,
          null,
          null,
          1,
          1,
          null,
          null,
          null,
          null,
          1,
          1,
          1,
          null,
          null,
          1,
          null,
          null,
          1,
          null,
          null,
          1,
          null,
          1,
          null,
          null,
          null,
          null,
          1,
          null,
          null,
          1,
          null,
          null,
          1,
          null,
          null,
          1,
          null,
          null,
          null,
          null,
          null,
          null,
          null
        ]
      },
      "/home/icristianosql/Desktop/Repos/Ruby/Raro/raro_bank/config/initializers/assets.rb": {
        "lines": [
          null,
          null,
          null,
          null,
          null,
          1,
          null,
          null,
          null,
          null,
          null,
          null,
          null,
          null
        ]
      },
      "/home/icristianosql/Desktop/Repos/Ruby/Raro/raro_bank/config/initializers/content_security_policy.rb": {
        "lines": [
          null,
          null,
          null,
          null,
          null,
          null,
          null,
          null,
          null,
          null,
          null,
          null,
          null,
          null,
          null,
          null,
          null,
          null,
          null,
          null,
          null,
          null,
          null,
          null,
          null,
          null
        ]
      },
      "/home/icristianosql/Desktop/Repos/Ruby/Raro/raro_bank/config/initializers/filter_parameter_logging.rb": {
        "lines": [
          null,
          null,
          null,
          null,
          null,
          null,
          null,
          1,
          null,
          null
        ]
      },
      "/home/icristianosql/Desktop/Repos/Ruby/Raro/raro_bank/config/initializers/inflections.rb": {
        "lines": [
          null,
          null,
          null,
          null,
          null,
          null,
          null,
          null,
          null,
          null,
          null,
          null,
          null,
          null,
          null,
          null,
          null
        ]
      },
      "/home/icristianosql/Desktop/Repos/Ruby/Raro/raro_bank/config/initializers/permissions_policy.rb": {
        "lines": [
          null,
          null,
          null,
          null,
          null,
          null,
          null,
          null,
          null,
          null,
          null,
          null
        ]
      },
      "/home/icristianosql/Desktop/Repos/Ruby/Raro/raro_bank/spec/factories/user.rb": {
        "lines": [
          1,
          1,
          1,
          1,
          null,
          null
        ]
      },
      "/home/icristianosql/Desktop/Repos/Ruby/Raro/raro_bank/config/routes.rb": {
        "lines": [
          null,
          null,
          1,
          1,
          null,
          1,
          null,
          null
        ]
      },
      "/home/icristianosql/Desktop/Repos/Ruby/Raro/raro_bank/app/helpers/application_helper.rb": {
        "lines": [
          null,
          null,
          1,
          null
        ]
      },
      "/home/icristianosql/Desktop/Repos/Ruby/Raro/raro_bank/app/helpers/home_helper.rb": {
        "lines": [
          1,
          null
        ]
      },
      "/home/icristianosql/Desktop/Repos/Ruby/Raro/raro_bank/spec/support/factory_bot.rb": {
        "lines": [
          null,
          null,
          1,
          1,
          null
        ]
      },
      "/home/icristianosql/Desktop/Repos/Ruby/Raro/raro_bank/app/models/user.rb": {
        "lines": [
          1,
          1,
          1,
          null
        ]
      },
      "/home/icristianosql/Desktop/Repos/Ruby/Raro/raro_bank/app/models/application_record.rb": {
        "lines": [
          null,
          null,
          1,
          1,
          null
        ]
      }
    },
    "timestamp": 1685227387
  }
}
