{
  "RSpec": {
    "coverage": {
      "/home/rayssa/raro_academy/projeto_final/projeto/raro_bank/spec/models/administrator_spec.rb": {
        "lines": [
          1,
          null,
          1,
          1,
          2,
          null,
          null
        ]
      },
      "/home/rayssa/raro_academy/projeto_final/projeto/raro_bank/spec/rails_helper.rb": {
        "lines": [
          null,
          null,
          null,
          1,
          1,
          1,
          null,
          1,
          1,
          null,
          null,
          null,
          null,
          null,
          null,
          null,
          null,
          null,
          null,
          null,
          null,
          null,
          null,
          null,
          2,
          null,
          null,
          null,
          null,
          1,
          null,
          0,
          null,
          1,
          null,
          1,
          null,
          null,
          null,
          null,
          1,
          null,
          null,
          null,
          null,
          null,
          null,
          null,
          null,
          null,
          null,
          null,
          null,
          null,
          null,
          null,
          null,
          null,
          1,
          null,
          null,
          1,
          1,
          null,
          null,
          null,
          null,
          1,
          1,
          1,
          1,
          null,
          null
        ]
      },
      "/home/rayssa/raro_academy/projeto_final/projeto/raro_bank/config/environment.rb": {
        "lines": [
          null,
          null,
          null,
          1,
          null,
          null,
          1
        ]
      },
      "/home/rayssa/raro_academy/projeto_final/projeto/raro_bank/config/application.rb": {
        "lines": [
          null,
          null,
          1,
          null,
          1,
          null,
          null,
          null,
          1,
          null,
          1,
          1,
          null,
          1,
          null,
          null,
          null,
          null,
          null,
          null,
          1,
          null,
          null,
          null,
          null,
          null
        ]
      },
      "/home/rayssa/raro_academy/projeto_final/projeto/raro_bank/config/boot.rb": {
        "lines": [
          null,
          null,
          1,
          null,
          1,
          1
        ]
      },
      "/home/rayssa/raro_academy/projeto_final/projeto/raro_bank/config/environments/test.rb": {
        "lines": [
          null,
          null,
          1,
          null,
          null,
          null,
          null,
          null,
          null,
          1,
          null,
          null,
          null,
          1,
          null,
          null,
          null,
          null,
          1,
          null,
          null,
          1,
          1,
          null,
          null,
          null,
          null,
          1,
          1,
          1,
          null,
          null,
          1,
          null,
          null,
          1,
          null,
          null,
          1,
          null,
          1,
          null,
          null,
          null,
          null,
          1,
          null,
          null,
          1,
          null,
          null,
          1,
          null,
          null,
          1,
          null,
          null,
          null,
          null,
          null,
          null,
          1,
          null,
          null
        ]
      },
      "/home/rayssa/raro_academy/projeto_final/projeto/raro_bank/config/initializers/assets.rb": {
        "lines": [
          null,
          null,
          null,
          null,
          null,
          1,
          null,
          null,
          null,
          null,
          null,
          null,
          null,
          null
        ]
      },
      "/home/rayssa/raro_academy/projeto_final/projeto/raro_bank/config/initializers/bc_api.rb": {
        "lines": [
          1
        ]
      },
      "/home/rayssa/raro_academy/projeto_final/projeto/raro_bank/config/initializers/content_security_policy.rb": {
        "lines": [
          null,
          null,
          null,
          null,
          null,
          null,
          null,
          null,
          null,
          null,
          null,
          null,
          null,
          null,
          null,
          null,
          null,
          null,
          null,
          null,
          null,
          null,
          null,
          null,
          null,
          null
        ]
      },
      "/home/rayssa/raro_academy/projeto_final/projeto/raro_bank/config/initializers/devise.rb": {
        "lines": [
          null,
          1,
          1,
          1,
          1,
          1,
          1,
          1,
          1,
          1,
          1,
          1,
          1,
          1,
          1,
          1,
          1,
          null
        ]
      },
      "/home/rayssa/raro_academy/projeto_final/projeto/raro_bank/config/initializers/filter_parameter_logging.rb": {
        "lines": [
          null,
          null,
          null,
          null,
          null,
          null,
          null,
          1,
          null,
          null
        ]
      },
      "/home/rayssa/raro_academy/projeto_final/projeto/raro_bank/config/initializers/imgbb.rb": {
        "lines": [
          1
        ]
      },
      "/home/rayssa/raro_academy/projeto_final/projeto/raro_bank/config/initializers/inflections.rb": {
        "lines": [
          null,
          null,
          null,
          null,
          null,
          null,
          null,
          null,
          null,
          null,
          null,
          null,
          null,
          null,
          null,
          null,
          null
        ]
      },
      "/home/rayssa/raro_academy/projeto_final/projeto/raro_bank/config/initializers/permissions_policy.rb": {
        "lines": [
          null,
          null,
          null,
          null,
          null,
          null,
          null,
          null,
          null,
          null,
          null,
          null
        ]
      },
      "/home/rayssa/raro_academy/projeto_final/projeto/raro_bank/config/initializers/sidekiq.rb": {
        "lines": [
          1,
          1,
          null,
          1,
          0,
          null
        ]
      },
      "/home/rayssa/raro_academy/projeto_final/projeto/raro_bank/test/factories/administrators.rb": {
        "lines": [
          1,
          1,
          1,
          null,
          null
        ]
      },
      "/home/rayssa/raro_academy/projeto_final/projeto/raro_bank/spec/factories/balance.rb": {
        "lines": [
          1,
          1,
          1,
          1,
          2,
          1,
          null,
          null
        ]
      },
      "/home/rayssa/raro_academy/projeto_final/projeto/raro_bank/spec/factories/classroom.rb": {
        "lines": [
          1,
          1,
          1,
          1,
          null,
          null
        ]
      },
      "/home/rayssa/raro_academy/projeto_final/projeto/raro_bank/spec/factories/transfers.rb": {
        "lines": [
          1,
          1,
          1,
          1,
          1,
          1,
          1,
          null,
          null
        ]
      },
      "/home/rayssa/raro_academy/projeto_final/projeto/raro_bank/spec/factories/user.rb": {
        "lines": [
          1,
          1,
          6,
          6,
          6,
          6,
          null,
          1,
          1,
          0,
          null,
          null,
          null
        ]
      },
      "/home/rayssa/raro_academy/projeto_final/projeto/raro_bank/config/routes.rb": {
        "lines": [
          1,
          1,
          1,
          1,
          null,
          null,
          1,
          null,
          1,
          null,
          null,
          1,
          1,
          1,
          1,
          null,
          null,
          1,
          null,
          1,
          1,
          1,
          1,
          null,
          null,
          1,
          null,
          null,
          1,
          null,
          1,
          1,
          1,
          1,
          null,
          null,
          null,
          1,
          1,
          null,
          null,
          1,
          1,
          1,
          1,
          null,
          1,
          null,
          null
        ]
      },
      "/home/rayssa/raro_academy/projeto_final/projeto/raro_bank/app/models/user.rb": {
        "lines": [
          1,
          1,
          1,
          1,
          1,
          1,
          1,
          1,
          null,
          1,
          null,
          1,
          1,
          1,
          null,
          1,
          null,
          1,
          6,
          null,
          null,
          1,
          0,
          null,
          0,
          null,
          null,
          1,
          0,
          null,
          null
        ]
      },
      "/home/rayssa/raro_academy/projeto_final/projeto/raro_bank/app/models/application_record.rb": {
        "lines": [
          null,
          null,
          1,
          1,
          null
        ]
      },
      "/home/rayssa/raro_academy/projeto_final/projeto/raro_bank/app/helpers/application_helper.rb": {
        "lines": [
          null,
          null,
          1,
          null
        ]
      },
      "/home/rayssa/raro_academy/projeto_final/projeto/raro_bank/app/helpers/flash_helper.rb": {
        "lines": [
          1,
          1,
          0,
          null,
          0,
          null,
          0,
          null,
          0,
          null,
          null,
          null
        ]
      },
      "/home/rayssa/raro_academy/projeto_final/projeto/raro_bank/app/helpers/home_helper.rb": {
        "lines": [
          1,
          1,
          0,
          null,
          null
        ]
      },
      "/home/rayssa/raro_academy/projeto_final/projeto/raro_bank/spec/support/factory_bot.rb": {
        "lines": [
          null,
          null,
          1,
          1,
          null
        ]
      },
      "/home/rayssa/raro_academy/projeto_final/projeto/raro_bank/app/models/administrator.rb": {
        "lines": [
          1,
          1,
          1,
          null
        ]
      },
      "/home/rayssa/raro_academy/projeto_final/projeto/raro_bank/spec/models/balance_spec.rb": {
        "lines": [
          1,
          null,
          1,
          1,
          2,
          2,
          2,
          2,
          2,
          2,
          2,
          null,
          null,
          1,
          2,
          null,
          null,
          1,
          1,
          1,
          1,
          1,
          1,
          null,
          1,
          null,
          1,
          1,
          null,
          null,
          null,
          1,
          1,
          1,
          1,
          1,
          null,
          null,
          null,
          null
        ]
      },
      "/home/rayssa/raro_academy/projeto_final/projeto/raro_bank/app/models/balance.rb": {
        "lines": [
          1,
          1,
          null,
          1,
          1,
          1,
          null,
          2,
          1,
          null,
          1,
          null,
          1,
          11,
          null,
          null,
          1,
          0,
          0,
          0,
          0,
          0,
          null,
          null,
          1,
          0,
          0,
          0,
          0,
          0,
          null,
          null
        ]
      },
      "/home/rayssa/raro_academy/projeto_final/projeto/raro_bank/spec/models/classroom_spec.rb": {
        "lines": [
          1,
          null,
          1,
          null,
          1,
          2,
          null,
          null,
          null
        ]
      },
      "/home/rayssa/raro_academy/projeto_final/projeto/raro_bank/app/models/classroom.rb": {
        "lines": [
          1,
          1,
          1,
          null,
          1,
          null
        ]
      },
      "/home/rayssa/raro_academy/projeto_final/projeto/raro_bank/spec/models/fee_spec.rb": {
        "lines": [
          1,
          1,
          8,
          null,
          1,
          1,
          1,
          1,
          1,
          null,
          null,
          1,
          1,
          1,
          1,
          null,
          null,
          1,
          1,
          1,
          1,
          1,
          null,
          null,
          1,
          1,
          1,
          1,
          1,
          1,
          null,
          null,
          1,
          1,
          1,
          1,
          null,
          null,
          1,
          1,
          1,
          1,
          1,
          null,
          null,
          1,
          1,
          1,
          1,
          null,
          null
        ]
      },
      "/home/rayssa/raro_academy/projeto_final/projeto/raro_bank/app/models/fee.rb": {
        "lines": [
          1,
          1,
          null,
          1,
          1,
          1,
          null
        ]
      },
      "/home/rayssa/raro_academy/projeto_final/projeto/raro_bank/spec/models/product_spec.rb": {
        "lines": [
          1,
          null,
          1,
          9,
          null,
          1,
          1,
          1,
          1,
          null,
          null,
          1,
          1,
          1,
          null,
          null,
          1,
          1,
          1,
          null,
          null,
          1,
          1,
          1,
          null,
          null,
          1,
          1,
          1,
          null,
          null,
          1,
          1,
          1,
          null,
          null,
          1,
          1,
          1,
          null,
          null,
          1,
          1,
          1,
          null,
          null,
          1,
          1,
          1,
          null,
          null,
          null,
          1,
          1,
          1,
          1,
          null,
          null,
          null
        ]
      },
      "/home/rayssa/raro_academy/projeto_final/projeto/raro_bank/app/models/product.rb": {
        "lines": [
          1,
          1,
          null,
          1,
          1,
          1,
          1,
          1,
          1,
          null
        ]
      },
      "/home/rayssa/raro_academy/projeto_final/projeto/raro_bank/spec/models/transfer_spec.rb": {
        "lines": [
          1,
          null,
          1,
          1,
          1,
          null,
          1,
          2,
          2,
          null,
          null,
          1,
          2,
          2,
          null,
          null
        ]
      },
      "/home/rayssa/raro_academy/projeto_final/projeto/raro_bank/app/models/transfer.rb": {
        "lines": [
          1,
          1,
          1,
          null,
          1,
          null,
          null,
          null,
          null,
          1,
          1,
          1,
          null,
          1,
          null,
          1,
          0,
          0,
          null,
          0,
          0,
          0,
          null,
          null,
          null,
          1,
          null,
          1,
          0,
          null,
          null,
          1,
          0,
          null,
          null,
          1,
          0,
          null,
          0,
          0,
          null,
          null,
          null,
          null
        ]
      },
      "/home/rayssa/raro_academy/projeto_final/projeto/raro_bank/spec/models/user_spec.rb": {
        "lines": [
          1,
          null,
          1,
          9,
          null,
          1,
          2,
          2,
          2,
          2,
          null,
          null,
          1,
          2,
          2,
          2,
          2,
          null,
          null,
          null,
          null,
          null
        ]
      },
      "/home/rayssa/raro_academy/projeto_final/projeto/raro_bank/app/services/create_initial_balance_service.rb": {
        "lines": [
          1,
          1,
          6,
          6,
          6,
          6,
          6,
          6,
          null,
          null
        ]
      }
    },
    "timestamp": 1686572183
  }
}
